2026-04-03 18:07:11,704 - INFO - Training all models...
2026-04-03 18:07:11,704 - INFO - KNN trained successfully
2026-04-03 18:07:11,704 - INFO - NB trained successfully
2026-04-03 18:07:11,736 - INFO - LR trained successfully
2026-04-03 18:07:11,799 - INFO - DT trained successfully
2026-04-03 18:07:11,863 - INFO - RF trained successfully
2026-04-03 18:07:11,910 - INFO - ADA trained successfully
2026-04-03 18:07:11,990 - INFO - GB trained successfully
2026-04-03 18:07:12,091 - INFO - XGB trained successfully
2026-04-03 18:07:12,091 - INFO - Evaluating models...
2026-04-03 18:07:12,134 - INFO - KNN AUC Score: 0.7649989131222374
2026-04-03 18:07:12,136 - INFO - NB AUC Score: 0.8274258076536897
2026-04-03 18:07:12,140 - INFO - LR AUC Score: 0.8585933213949299
2026-04-03 18:07:12,144 - INFO - DT AUC Score: 0.6336135062676618
2026-04-03 18:07:12,147 - INFO - RF AUC Score: 0.7762066930967735
2026-04-03 18:07:12,147 - INFO - ADA AUC Score: 0.836360201641703
2026-04-03 18:07:12,159 - INFO - GB AUC Score: 0.8306527994865796
2026-04-03 18:07:12,169 - INFO - XGB AUC Score: 0.8478047657002081
2026-04-03 18:07:12,169 - INFO - 
 BEST MODEL: LR
2026-04-03 18:07:12,169 - INFO - BEST AUC: 0.8585933213949299
2026-04-03 18:07:12,169 - INFO - Plotting ROC curves...
