2026-04-03 18:07:11,660 - INFO - Training data independent size : (8276, 31)
2026-04-03 18:07:11,660 - INFO - Training data depdepent size : (8276,)
2026-04-03 18:07:11,660 - INFO - Testing data independent size : (1409, 31)
2026-04-03 18:07:11,660 - INFO - Testing data dependent size : (1409,)
2026-04-03 18:07:11,689 - INFO - before :    gender_Male  Partner_Yes  Dependents_Yes  PhoneService_Yes  ...  Contract_od  TotalCharges_var_trim  MonthlyCharges_boxcox_trim  tenure_scaled_trim
0          0.0          0.0             1.0               1.0  ...          1.0              36.562276                   50.178569           -0.465683

[1 rows x 31 columns]
2026-04-03 18:07:11,704 - INFO - [[-1.08094259 -0.9244432   1.78006646 ... -0.07869343 -0.08531237
  -0.29700694]
 [-1.08094259 -0.9244432  -0.60002534 ...  1.36208187  1.0058578
   1.08483646]
 [ 1.01184519  1.17180315 -0.60002534 ... -1.38228082 -1.55073232
  -1.13448779]
 ...
 [ 0.55412344 -0.9244432  -0.60002534 ...  0.86994387  1.33398783
   0.24735561]
 [ 1.01184519 -0.9244432  -0.60002534 ... -0.3211548  -1.66652036
   0.74311104]
 [ 0.73774494  0.89724992 -0.60002534 ...  0.19870383  0.27808673
  -0.06770029]]
2026-04-03 18:07:12,383 - INFO - best parameters for logistic regression : C: 10, class_weight: None, max_iter: 200, penalty: l2, solver: saga
2026-04-03 18:07:12,857 - INFO - Test Accuracy : 0.7047551454932577
2026-04-03 18:07:12,857 - INFO - Test Confusion Matrix : [[669 367]
 [ 49 324]]
2026-04-03 18:07:12,872 - INFO - Classification report :               precision    recall  f1-score   support

           0       0.93      0.65      0.76      1036
           1       0.47      0.87      0.61       373

    accuracy                           0.70      1409
   macro avg       0.70      0.76      0.69      1409
weighted avg       0.81      0.70      0.72      1409

